{"/Users/enzodesousa/Documents/Epsi/cours/MSPR/MSPR-2/BackEnd/routes/advertisements/add.advertisement.js": {"path":"/Users/enzodesousa/Documents/Epsi/cours/MSPR/MSPR-2/BackEnd/routes/advertisements/add.advertisement.js","statementMap":{"0":{"start":{"line":7,"column":16},"end":{"line":7,"column":34}},"1":{"start":{"line":8,"column":15},"end":{"line":8,"column":31}},"2":{"start":{"line":10,"column":0},"end":{"line":58,"column":2}},"3":{"start":{"line":11,"column":2},"end":{"line":56,"column":5}},"4":{"start":{"line":24,"column":8},"end":{"line":24,"column":16}},"5":{"start":{"line":25,"column":4},"end":{"line":55,"column":6}},"6":{"start":{"line":41,"column":8},"end":{"line":53,"column":9}},"7":{"start":{"line":42,"column":10},"end":{"line":42,"column":29}},"8":{"start":{"line":43,"column":10},"end":{"line":46,"column":13}},"9":{"start":{"line":49,"column":10},"end":{"line":52,"column":13}},"10":{"start":{"line":57,"column":2},"end":{"line":57,"column":16}}},"fnMap":{"0":{"name":"(anonymous_0)","decl":{"start":{"line":10,"column":17},"end":{"line":10,"column":18}},"loc":{"start":{"line":10,"column":25},"end":{"line":58,"column":1}},"line":10},"1":{"name":"(anonymous_1)","decl":{"start":{"line":11,"column":25},"end":{"line":11,"column":26}},"loc":{"start":{"line":11,"column":39},"end":{"line":56,"column":3}},"line":11},"2":{"name":"(anonymous_2)","decl":{"start":{"line":40,"column":6},"end":{"line":40,"column":7}},"loc":{"start":{"line":40,"column":21},"end":{"line":54,"column":7}},"line":40}},"branchMap":{"0":{"loc":{"start":{"line":41,"column":8},"end":{"line":53,"column":9}},"type":"if","locations":[{"start":{"line":41,"column":8},"end":{"line":53,"column":9}},{"start":{"line":47,"column":15},"end":{"line":53,"column":9}}],"line":41}},"s":{"0":1,"1":1,"2":1,"3":1,"4":2,"5":2,"6":2,"7":1,"8":1,"9":1,"10":1},"f":{"0":1,"1":2,"2":2},"b":{"0":[1,1]},"_coverageSchema":"1a1c01bbd47fc00a2c39e90264f33305004495a9","hash":"308a7bc677c262da673d6c05f7415622da6eaf3b"}
,"/Users/enzodesousa/Documents/Epsi/cours/MSPR/MSPR-2/BackEnd/routes/advertisements/get.advertisement.js": {"path":"/Users/enzodesousa/Documents/Epsi/cours/MSPR/MSPR-2/BackEnd/routes/advertisements/get.advertisement.js","statementMap":{"0":{"start":{"line":7,"column":16},"end":{"line":7,"column":34}},"1":{"start":{"line":8,"column":15},"end":{"line":8,"column":31}},"2":{"start":{"line":10,"column":0},"end":{"line":92,"column":2}},"3":{"start":{"line":12,"column":2},"end":{"line":33,"column":5}},"4":{"start":{"line":13,"column":29},"end":{"line":13,"column":42}},"5":{"start":{"line":14,"column":4},"end":{"line":32,"column":6}},"6":{"start":{"line":18,"column":8},"end":{"line":24,"column":9}},"7":{"start":{"line":19,"column":10},"end":{"line":23,"column":14}},"8":{"start":{"line":25,"column":8},"end":{"line":29,"column":9}},"9":{"start":{"line":26,"column":10},"end":{"line":28,"column":13}},"10":{"start":{"line":30,"column":8},"end":{"line":30,"column":22}},"11":{"start":{"line":36,"column":2},"end":{"line":53,"column":5}},"12":{"start":{"line":37,"column":23},"end":{"line":37,"column":44}},"13":{"start":{"line":38,"column":4},"end":{"line":52,"column":6}},"14":{"start":{"line":42,"column":8},"end":{"line":50,"column":9}},"15":{"start":{"line":43,"column":10},"end":{"line":43,"column":29}},"16":{"start":{"line":44,"column":10},"end":{"line":47,"column":13}},"17":{"start":{"line":49,"column":10},"end":{"line":49,"column":25}},"18":{"start":{"line":56,"column":2},"end":{"line":69,"column":5}},"19":{"start":{"line":57,"column":4},"end":{"line":68,"column":7}},"20":{"start":{"line":58,"column":6},"end":{"line":67,"column":7}},"21":{"start":{"line":59,"column":8},"end":{"line":59,"column":27}},"22":{"start":{"line":60,"column":8},"end":{"line":64,"column":12}},"23":{"start":{"line":66,"column":8},"end":{"line":66,"column":23}},"24":{"start":{"line":71,"column":2},"end":{"line":88,"column":5}},"25":{"start":{"line":72,"column":19},"end":{"line":72,"column":36}},"26":{"start":{"line":73,"column":4},"end":{"line":87,"column":6}},"27":{"start":{"line":77,"column":8},"end":{"line":85,"column":9}},"28":{"start":{"line":78,"column":10},"end":{"line":78,"column":29}},"29":{"start":{"line":79,"column":10},"end":{"line":82,"column":13}},"30":{"start":{"line":84,"column":10},"end":{"line":84,"column":25}},"31":{"start":{"line":91,"column":2},"end":{"line":91,"column":16}}},"fnMap":{"0":{"name":"(anonymous_0)","decl":{"start":{"line":10,"column":17},"end":{"line":10,"column":18}},"loc":{"start":{"line":10,"column":25},"end":{"line":92,"column":1}},"line":10},"1":{"name":"(anonymous_1)","decl":{"start":{"line":12,"column":21},"end":{"line":12,"column":22}},"loc":{"start":{"line":12,"column":35},"end":{"line":33,"column":3}},"line":12},"2":{"name":"(anonymous_2)","decl":{"start":{"line":17,"column":6},"end":{"line":17,"column":7}},"loc":{"start":{"line":17,"column":20},"end":{"line":31,"column":7}},"line":17},"3":{"name":"(anonymous_3)","decl":{"start":{"line":36,"column":38},"end":{"line":36,"column":39}},"loc":{"start":{"line":36,"column":52},"end":{"line":53,"column":3}},"line":36},"4":{"name":"(anonymous_4)","decl":{"start":{"line":41,"column":6},"end":{"line":41,"column":7}},"loc":{"start":{"line":41,"column":21},"end":{"line":51,"column":7}},"line":41},"5":{"name":"(anonymous_5)","decl":{"start":{"line":56,"column":18},"end":{"line":56,"column":19}},"loc":{"start":{"line":56,"column":30},"end":{"line":69,"column":3}},"line":56},"6":{"name":"(anonymous_6)","decl":{"start":{"line":57,"column":43},"end":{"line":57,"column":44}},"loc":{"start":{"line":57,"column":58},"end":{"line":68,"column":5}},"line":57},"7":{"name":"(anonymous_7)","decl":{"start":{"line":71,"column":30},"end":{"line":71,"column":31}},"loc":{"start":{"line":71,"column":44},"end":{"line":88,"column":3}},"line":71},"8":{"name":"(anonymous_8)","decl":{"start":{"line":76,"column":6},"end":{"line":76,"column":7}},"loc":{"start":{"line":76,"column":21},"end":{"line":86,"column":7}},"line":76}},"branchMap":{"0":{"loc":{"start":{"line":18,"column":8},"end":{"line":24,"column":9}},"type":"if","locations":[{"start":{"line":18,"column":8},"end":{"line":24,"column":9}},{"start":{},"end":{}}],"line":18},"1":{"loc":{"start":{"line":25,"column":8},"end":{"line":29,"column":9}},"type":"if","locations":[{"start":{"line":25,"column":8},"end":{"line":29,"column":9}},{"start":{},"end":{}}],"line":25},"2":{"loc":{"start":{"line":42,"column":8},"end":{"line":50,"column":9}},"type":"if","locations":[{"start":{"line":42,"column":8},"end":{"line":50,"column":9}},{"start":{"line":48,"column":15},"end":{"line":50,"column":9}}],"line":42},"3":{"loc":{"start":{"line":58,"column":6},"end":{"line":67,"column":7}},"type":"if","locations":[{"start":{"line":58,"column":6},"end":{"line":67,"column":7}},{"start":{"line":65,"column":13},"end":{"line":67,"column":7}}],"line":58},"4":{"loc":{"start":{"line":77,"column":8},"end":{"line":85,"column":9}},"type":"if","locations":[{"start":{"line":77,"column":8},"end":{"line":85,"column":9}},{"start":{"line":83,"column":15},"end":{"line":85,"column":9}}],"line":77}},"s":{"0":1,"1":1,"2":1,"3":1,"4":2,"5":2,"6":2,"7":1,"8":1,"9":0,"10":1,"11":1,"12":2,"13":2,"14":2,"15":1,"16":1,"17":1,"18":1,"19":2,"20":2,"21":1,"22":1,"23":1,"24":1,"25":0,"26":0,"27":0,"28":0,"29":0,"30":0,"31":1},"f":{"0":1,"1":2,"2":2,"3":2,"4":2,"5":2,"6":2,"7":0,"8":0},"b":{"0":[1,1],"1":[0,1],"2":[1,1],"3":[1,1],"4":[0,0]},"_coverageSchema":"1a1c01bbd47fc00a2c39e90264f33305004495a9","hash":"ae7061e1f6ab846c7d1ef9bfcca68f2aaffe1879"}
,"/Users/enzodesousa/Documents/Epsi/cours/MSPR/MSPR-2/BackEnd/routes/advertisements/update.advertisement.js": {"path":"/Users/enzodesousa/Documents/Epsi/cours/MSPR/MSPR-2/BackEnd/routes/advertisements/update.advertisement.js","statementMap":{"0":{"start":{"line":7,"column":16},"end":{"line":7,"column":34}},"1":{"start":{"line":8,"column":15},"end":{"line":8,"column":31}},"2":{"start":{"line":10,"column":0},"end":{"line":36,"column":2}},"3":{"start":{"line":11,"column":2},"end":{"line":34,"column":5}},"4":{"start":{"line":12,"column":29},"end":{"line":12,"column":42}},"5":{"start":{"line":13,"column":65},"end":{"line":13,"column":73}},"6":{"start":{"line":14,"column":4},"end":{"line":33,"column":6}},"7":{"start":{"line":18,"column":8},"end":{"line":31,"column":9}},"8":{"start":{"line":19,"column":10},"end":{"line":19,"column":29}},"9":{"start":{"line":20,"column":10},"end":{"line":24,"column":14}},"10":{"start":{"line":26,"column":10},"end":{"line":30,"column":14}},"11":{"start":{"line":35,"column":2},"end":{"line":35,"column":16}}},"fnMap":{"0":{"name":"(anonymous_0)","decl":{"start":{"line":10,"column":17},"end":{"line":10,"column":18}},"loc":{"start":{"line":10,"column":25},"end":{"line":36,"column":1}},"line":10},"1":{"name":"(anonymous_1)","decl":{"start":{"line":11,"column":28},"end":{"line":11,"column":29}},"loc":{"start":{"line":11,"column":42},"end":{"line":34,"column":3}},"line":11},"2":{"name":"(anonymous_2)","decl":{"start":{"line":17,"column":6},"end":{"line":17,"column":7}},"loc":{"start":{"line":17,"column":15},"end":{"line":32,"column":7}},"line":17}},"branchMap":{"0":{"loc":{"start":{"line":18,"column":8},"end":{"line":31,"column":9}},"type":"if","locations":[{"start":{"line":18,"column":8},"end":{"line":31,"column":9}},{"start":{"line":25,"column":15},"end":{"line":31,"column":9}}],"line":18}},"s":{"0":1,"1":1,"2":1,"3":1,"4":2,"5":2,"6":2,"7":2,"8":1,"9":1,"10":1,"11":1},"f":{"0":1,"1":2,"2":2},"b":{"0":[1,1]},"_coverageSchema":"1a1c01bbd47fc00a2c39e90264f33305004495a9","hash":"66e8e96da7a4cc387629134996a53b5f218e1df0"}
,"/Users/enzodesousa/Documents/Epsi/cours/MSPR/MSPR-2/BackEnd/routes/advices/get.advice.js": {"path":"/Users/enzodesousa/Documents/Epsi/cours/MSPR/MSPR-2/BackEnd/routes/advices/get.advice.js","statementMap":{"0":{"start":{"line":7,"column":16},"end":{"line":7,"column":34}},"1":{"start":{"line":8,"column":15},"end":{"line":8,"column":31}},"2":{"start":{"line":10,"column":0},"end":{"line":62,"column":2}},"3":{"start":{"line":12,"column":2},"end":{"line":25,"column":5}},"4":{"start":{"line":13,"column":28},"end":{"line":13,"column":41}},"5":{"start":{"line":14,"column":4},"end":{"line":24,"column":6}},"6":{"start":{"line":18,"column":8},"end":{"line":22,"column":9}},"7":{"start":{"line":19,"column":10},"end":{"line":19,"column":79}},"8":{"start":{"line":21,"column":10},"end":{"line":21,"column":37}},"9":{"start":{"line":28,"column":2},"end":{"line":39,"column":5}},"10":{"start":{"line":29,"column":4},"end":{"line":38,"column":7}},"11":{"start":{"line":30,"column":6},"end":{"line":37,"column":7}},"12":{"start":{"line":31,"column":8},"end":{"line":31,"column":27}},"13":{"start":{"line":32,"column":8},"end":{"line":34,"column":75}},"14":{"start":{"line":36,"column":8},"end":{"line":36,"column":23}},"15":{"start":{"line":42,"column":2},"end":{"line":60,"column":5}},"16":{"start":{"line":43,"column":21},"end":{"line":43,"column":34}},"17":{"start":{"line":45,"column":4},"end":{"line":59,"column":7}},"18":{"start":{"line":46,"column":6},"end":{"line":58,"column":7}},"19":{"start":{"line":47,"column":8},"end":{"line":47,"column":27}},"20":{"start":{"line":48,"column":8},"end":{"line":51,"column":11}},"21":{"start":{"line":53,"column":8},"end":{"line":57,"column":9}},"22":{"start":{"line":54,"column":10},"end":{"line":54,"column":24}},"23":{"start":{"line":56,"column":10},"end":{"line":56,"column":76}},"24":{"start":{"line":61,"column":2},"end":{"line":61,"column":16}}},"fnMap":{"0":{"name":"(anonymous_0)","decl":{"start":{"line":10,"column":17},"end":{"line":10,"column":18}},"loc":{"start":{"line":10,"column":25},"end":{"line":62,"column":1}},"line":10},"1":{"name":"(anonymous_1)","decl":{"start":{"line":12,"column":35},"end":{"line":12,"column":36}},"loc":{"start":{"line":12,"column":49},"end":{"line":25,"column":3}},"line":12},"2":{"name":"(anonymous_2)","decl":{"start":{"line":17,"column":6},"end":{"line":17,"column":7}},"loc":{"start":{"line":17,"column":21},"end":{"line":23,"column":7}},"line":17},"3":{"name":"(anonymous_3)","decl":{"start":{"line":28,"column":18},"end":{"line":28,"column":19}},"loc":{"start":{"line":28,"column":30},"end":{"line":39,"column":3}},"line":28},"4":{"name":"(anonymous_4)","decl":{"start":{"line":29,"column":35},"end":{"line":29,"column":36}},"loc":{"start":{"line":29,"column":50},"end":{"line":38,"column":5}},"line":29},"5":{"name":"(anonymous_5)","decl":{"start":{"line":42,"column":21},"end":{"line":42,"column":22}},"loc":{"start":{"line":42,"column":35},"end":{"line":60,"column":3}},"line":42},"6":{"name":"(anonymous_6)","decl":{"start":{"line":45,"column":60},"end":{"line":45,"column":61}},"loc":{"start":{"line":45,"column":74},"end":{"line":59,"column":5}},"line":45}},"branchMap":{"0":{"loc":{"start":{"line":18,"column":8},"end":{"line":22,"column":9}},"type":"if","locations":[{"start":{"line":18,"column":8},"end":{"line":22,"column":9}},{"start":{"line":20,"column":15},"end":{"line":22,"column":9}}],"line":18},"1":{"loc":{"start":{"line":30,"column":6},"end":{"line":37,"column":7}},"type":"if","locations":[{"start":{"line":30,"column":6},"end":{"line":37,"column":7}},{"start":{"line":35,"column":13},"end":{"line":37,"column":7}}],"line":30},"2":{"loc":{"start":{"line":46,"column":6},"end":{"line":58,"column":7}},"type":"if","locations":[{"start":{"line":46,"column":6},"end":{"line":58,"column":7}},{"start":{"line":52,"column":13},"end":{"line":58,"column":7}}],"line":46},"3":{"loc":{"start":{"line":53,"column":8},"end":{"line":57,"column":9}},"type":"if","locations":[{"start":{"line":53,"column":8},"end":{"line":57,"column":9}},{"start":{"line":55,"column":15},"end":{"line":57,"column":9}}],"line":53}},"s":{"0":1,"1":1,"2":1,"3":1,"4":2,"5":2,"6":2,"7":1,"8":1,"9":1,"10":2,"11":2,"12":1,"13":1,"14":1,"15":1,"16":2,"17":2,"18":2,"19":1,"20":1,"21":1,"22":1,"23":0,"24":1},"f":{"0":1,"1":2,"2":2,"3":2,"4":2,"5":2,"6":2},"b":{"0":[1,1],"1":[1,1],"2":[1,1],"3":[1,0]},"_coverageSchema":"1a1c01bbd47fc00a2c39e90264f33305004495a9","hash":"0588fb6bdcad8cbb7f08fa42e8cb9d6da88a717e"}
,"/Users/enzodesousa/Documents/Epsi/cours/MSPR/MSPR-2/BackEnd/routes/categories/getAll.category.js": {"path":"/Users/enzodesousa/Documents/Epsi/cours/MSPR/MSPR-2/BackEnd/routes/categories/getAll.category.js","statementMap":{"0":{"start":{"line":7,"column":16},"end":{"line":7,"column":34}},"1":{"start":{"line":8,"column":15},"end":{"line":8,"column":31}},"2":{"start":{"line":10,"column":0},"end":{"line":46,"column":2}},"3":{"start":{"line":12,"column":2},"end":{"line":22,"column":5}},"4":{"start":{"line":13,"column":4},"end":{"line":21,"column":7}},"5":{"start":{"line":14,"column":6},"end":{"line":20,"column":7}},"6":{"start":{"line":15,"column":8},"end":{"line":17,"column":77}},"7":{"start":{"line":19,"column":8},"end":{"line":19,"column":23}},"8":{"start":{"line":25,"column":2},"end":{"line":43,"column":5}},"9":{"start":{"line":26,"column":20},"end":{"line":26,"column":33}},"10":{"start":{"line":28,"column":4},"end":{"line":42,"column":7}},"11":{"start":{"line":29,"column":6},"end":{"line":41,"column":7}},"12":{"start":{"line":30,"column":8},"end":{"line":34,"column":12}},"13":{"start":{"line":36,"column":8},"end":{"line":40,"column":9}},"14":{"start":{"line":37,"column":10},"end":{"line":37,"column":24}},"15":{"start":{"line":39,"column":10},"end":{"line":39,"column":70}},"16":{"start":{"line":45,"column":2},"end":{"line":45,"column":16}}},"fnMap":{"0":{"name":"(anonymous_0)","decl":{"start":{"line":10,"column":17},"end":{"line":10,"column":18}},"loc":{"start":{"line":10,"column":25},"end":{"line":46,"column":1}},"line":10},"1":{"name":"(anonymous_1)","decl":{"start":{"line":12,"column":18},"end":{"line":12,"column":19}},"loc":{"start":{"line":12,"column":30},"end":{"line":22,"column":3}},"line":12},"2":{"name":"(anonymous_2)","decl":{"start":{"line":13,"column":37},"end":{"line":13,"column":38}},"loc":{"start":{"line":13,"column":52},"end":{"line":21,"column":5}},"line":13},"3":{"name":"(anonymous_3)","decl":{"start":{"line":25,"column":21},"end":{"line":25,"column":22}},"loc":{"start":{"line":25,"column":35},"end":{"line":43,"column":3}},"line":25},"4":{"name":"(anonymous_4)","decl":{"start":{"line":28,"column":61},"end":{"line":28,"column":62}},"loc":{"start":{"line":28,"column":75},"end":{"line":42,"column":5}},"line":28}},"branchMap":{"0":{"loc":{"start":{"line":14,"column":6},"end":{"line":20,"column":7}},"type":"if","locations":[{"start":{"line":14,"column":6},"end":{"line":20,"column":7}},{"start":{"line":18,"column":13},"end":{"line":20,"column":7}}],"line":14},"1":{"loc":{"start":{"line":29,"column":6},"end":{"line":41,"column":7}},"type":"if","locations":[{"start":{"line":29,"column":6},"end":{"line":41,"column":7}},{"start":{"line":35,"column":13},"end":{"line":41,"column":7}}],"line":29},"2":{"loc":{"start":{"line":36,"column":8},"end":{"line":40,"column":9}},"type":"if","locations":[{"start":{"line":36,"column":8},"end":{"line":40,"column":9}},{"start":{"line":38,"column":15},"end":{"line":40,"column":9}}],"line":36}},"s":{"0":1,"1":1,"2":1,"3":1,"4":2,"5":2,"6":1,"7":1,"8":1,"9":3,"10":3,"11":3,"12":1,"13":2,"14":1,"15":1,"16":1},"f":{"0":1,"1":2,"2":2,"3":3,"4":3},"b":{"0":[1,1],"1":[1,2],"2":[1,1]},"_coverageSchema":"1a1c01bbd47fc00a2c39e90264f33305004495a9","hash":"fa70acdf94072ecae7072188ff74f5a79bb7c2c2"}
,"/Users/enzodesousa/Documents/Epsi/cours/MSPR/MSPR-2/BackEnd/routes/subCategories/get.subCategory.js": {"path":"/Users/enzodesousa/Documents/Epsi/cours/MSPR/MSPR-2/BackEnd/routes/subCategories/get.subCategory.js","statementMap":{"0":{"start":{"line":7,"column":16},"end":{"line":7,"column":34}},"1":{"start":{"line":8,"column":15},"end":{"line":8,"column":31}},"2":{"start":{"line":10,"column":0},"end":{"line":101,"column":2}},"3":{"start":{"line":12,"column":2},"end":{"line":22,"column":5}},"4":{"start":{"line":13,"column":4},"end":{"line":21,"column":7}},"5":{"start":{"line":14,"column":6},"end":{"line":20,"column":7}},"6":{"start":{"line":15,"column":8},"end":{"line":17,"column":11}},"7":{"start":{"line":19,"column":8},"end":{"line":19,"column":23}},"8":{"start":{"line":25,"column":2},"end":{"line":49,"column":5}},"9":{"start":{"line":26,"column":24},"end":{"line":26,"column":37}},"10":{"start":{"line":28,"column":4},"end":{"line":48,"column":6}},"11":{"start":{"line":32,"column":8},"end":{"line":46,"column":9}},"12":{"start":{"line":33,"column":10},"end":{"line":37,"column":15}},"13":{"start":{"line":39,"column":10},"end":{"line":45,"column":11}},"14":{"start":{"line":40,"column":12},"end":{"line":40,"column":26}},"15":{"start":{"line":42,"column":12},"end":{"line":44,"column":92}},"16":{"start":{"line":52,"column":2},"end":{"line":70,"column":5}},"17":{"start":{"line":53,"column":23},"end":{"line":53,"column":41}},"18":{"start":{"line":55,"column":4},"end":{"line":69,"column":6}},"19":{"start":{"line":59,"column":8},"end":{"line":67,"column":9}},"20":{"start":{"line":60,"column":10},"end":{"line":64,"column":14}},"21":{"start":{"line":66,"column":10},"end":{"line":66,"column":25}},"22":{"start":{"line":72,"column":2},"end":{"line":99,"column":5}},"23":{"start":{"line":73,"column":23},"end":{"line":73,"column":41}},"24":{"start":{"line":74,"column":26},"end":{"line":74,"column":39}},"25":{"start":{"line":76,"column":4},"end":{"line":98,"column":6}},"26":{"start":{"line":80,"column":8},"end":{"line":96,"column":9}},"27":{"start":{"line":81,"column":10},"end":{"line":85,"column":14}},"28":{"start":{"line":87,"column":10},"end":{"line":95,"column":11}},"29":{"start":{"line":88,"column":12},"end":{"line":88,"column":26}},"30":{"start":{"line":90,"column":12},"end":{"line":94,"column":16}},"31":{"start":{"line":100,"column":2},"end":{"line":100,"column":16}}},"fnMap":{"0":{"name":"(anonymous_0)","decl":{"start":{"line":10,"column":17},"end":{"line":10,"column":18}},"loc":{"start":{"line":10,"column":25},"end":{"line":101,"column":1}},"line":10},"1":{"name":"(anonymous_1)","decl":{"start":{"line":12,"column":18},"end":{"line":12,"column":19}},"loc":{"start":{"line":12,"column":30},"end":{"line":22,"column":3}},"line":12},"2":{"name":"(anonymous_2)","decl":{"start":{"line":13,"column":41},"end":{"line":13,"column":42}},"loc":{"start":{"line":13,"column":56},"end":{"line":21,"column":5}},"line":13},"3":{"name":"(anonymous_3)","decl":{"start":{"line":25,"column":21},"end":{"line":25,"column":22}},"loc":{"start":{"line":25,"column":35},"end":{"line":49,"column":3}},"line":25},"4":{"name":"(anonymous_4)","decl":{"start":{"line":31,"column":6},"end":{"line":31,"column":7}},"loc":{"start":{"line":31,"column":20},"end":{"line":47,"column":7}},"line":31},"5":{"name":"(anonymous_5)","decl":{"start":{"line":52,"column":35},"end":{"line":52,"column":36}},"loc":{"start":{"line":52,"column":49},"end":{"line":70,"column":3}},"line":52},"6":{"name":"(anonymous_6)","decl":{"start":{"line":58,"column":6},"end":{"line":58,"column":7}},"loc":{"start":{"line":58,"column":21},"end":{"line":68,"column":7}},"line":58},"7":{"name":"(anonymous_7)","decl":{"start":{"line":72,"column":52},"end":{"line":72,"column":53}},"loc":{"start":{"line":72,"column":66},"end":{"line":99,"column":3}},"line":72},"8":{"name":"(anonymous_8)","decl":{"start":{"line":79,"column":6},"end":{"line":79,"column":7}},"loc":{"start":{"line":79,"column":20},"end":{"line":97,"column":7}},"line":79}},"branchMap":{"0":{"loc":{"start":{"line":14,"column":6},"end":{"line":20,"column":7}},"type":"if","locations":[{"start":{"line":14,"column":6},"end":{"line":20,"column":7}},{"start":{"line":18,"column":13},"end":{"line":20,"column":7}}],"line":14},"1":{"loc":{"start":{"line":32,"column":8},"end":{"line":46,"column":9}},"type":"if","locations":[{"start":{"line":32,"column":8},"end":{"line":46,"column":9}},{"start":{"line":38,"column":15},"end":{"line":46,"column":9}}],"line":32},"2":{"loc":{"start":{"line":39,"column":10},"end":{"line":45,"column":11}},"type":"if","locations":[{"start":{"line":39,"column":10},"end":{"line":45,"column":11}},{"start":{"line":41,"column":17},"end":{"line":45,"column":11}}],"line":39},"3":{"loc":{"start":{"line":59,"column":8},"end":{"line":67,"column":9}},"type":"if","locations":[{"start":{"line":59,"column":8},"end":{"line":67,"column":9}},{"start":{"line":65,"column":15},"end":{"line":67,"column":9}}],"line":59},"4":{"loc":{"start":{"line":80,"column":8},"end":{"line":96,"column":9}},"type":"if","locations":[{"start":{"line":80,"column":8},"end":{"line":96,"column":9}},{"start":{"line":86,"column":15},"end":{"line":96,"column":9}}],"line":80},"5":{"loc":{"start":{"line":87,"column":10},"end":{"line":95,"column":11}},"type":"if","locations":[{"start":{"line":87,"column":10},"end":{"line":95,"column":11}},{"start":{"line":89,"column":17},"end":{"line":95,"column":11}}],"line":87}},"s":{"0":1,"1":1,"2":1,"3":1,"4":2,"5":2,"6":1,"7":1,"8":1,"9":3,"10":3,"11":3,"12":1,"13":2,"14":1,"15":1,"16":1,"17":0,"18":0,"19":0,"20":0,"21":0,"22":1,"23":0,"24":0,"25":0,"26":0,"27":0,"28":0,"29":0,"30":0,"31":1},"f":{"0":1,"1":2,"2":2,"3":3,"4":3,"5":0,"6":0,"7":0,"8":0},"b":{"0":[1,1],"1":[1,2],"2":[1,1],"3":[0,0],"4":[0,0],"5":[0,0]},"_coverageSchema":"1a1c01bbd47fc00a2c39e90264f33305004495a9","hash":"2c92f24286f2e5987890c97469976f85658a2b6d"}
}
