TN:
SF:routes/advertisements/add.advertisement.js
FN:10,(anonymous_0)
FN:11,(anonymous_1)
FN:40,(anonymous_2)
FNF:3
FNH:3
FNDA:1,(anonymous_0)
FNDA:2,(anonymous_1)
FNDA:2,(anonymous_2)
DA:7,1
DA:8,1
DA:10,1
DA:11,1
DA:24,2
DA:25,2
DA:41,2
DA:42,1
DA:43,1
DA:49,1
DA:57,1
LF:11
LH:11
BRDA:41,0,0,1
BRDA:41,0,1,1
BRF:2
BRH:2
end_of_record
TN:
SF:routes/advertisements/get.advertisement.js
FN:10,(anonymous_0)
FN:12,(anonymous_1)
FN:17,(anonymous_2)
FN:36,(anonymous_3)
FN:41,(anonymous_4)
FN:56,(anonymous_5)
FN:57,(anonymous_6)
FN:71,(anonymous_7)
FN:76,(anonymous_8)
FNF:9
FNH:7
FNDA:1,(anonymous_0)
FNDA:2,(anonymous_1)
FNDA:2,(anonymous_2)
FNDA:2,(anonymous_3)
FNDA:2,(anonymous_4)
FNDA:2,(anonymous_5)
FNDA:2,(anonymous_6)
FNDA:0,(anonymous_7)
FNDA:0,(anonymous_8)
DA:7,1
DA:8,1
DA:10,1
DA:12,1
DA:13,2
DA:14,2
DA:18,2
DA:19,1
DA:25,1
DA:26,0
DA:30,1
DA:36,1
DA:37,2
DA:38,2
DA:42,2
DA:43,1
DA:44,1
DA:49,1
DA:56,1
DA:57,2
DA:58,2
DA:59,1
DA:60,1
DA:66,1
DA:71,1
DA:72,0
DA:73,0
DA:77,0
DA:78,0
DA:79,0
DA:84,0
DA:91,1
LF:32
LH:25
BRDA:18,0,0,1
BRDA:18,0,1,1
BRDA:25,1,0,0
BRDA:25,1,1,1
BRDA:42,2,0,1
BRDA:42,2,1,1
BRDA:58,3,0,1
BRDA:58,3,1,1
BRDA:77,4,0,0
BRDA:77,4,1,0
BRF:10
BRH:7
end_of_record
TN:
SF:routes/advertisements/update.advertisement.js
FN:10,(anonymous_0)
FN:11,(anonymous_1)
FN:17,(anonymous_2)
FNF:3
FNH:3
FNDA:1,(anonymous_0)
FNDA:2,(anonymous_1)
FNDA:2,(anonymous_2)
DA:7,1
DA:8,1
DA:10,1
DA:11,1
DA:12,2
DA:13,2
DA:14,2
DA:18,2
DA:19,1
DA:20,1
DA:26,1
DA:35,1
LF:12
LH:12
BRDA:18,0,0,1
BRDA:18,0,1,1
BRF:2
BRH:2
end_of_record
TN:
SF:routes/advices/get.advice.js
FN:10,(anonymous_0)
FN:12,(anonymous_1)
FN:17,(anonymous_2)
FN:28,(anonymous_3)
FN:29,(anonymous_4)
FN:42,(anonymous_5)
FN:45,(anonymous_6)
FNF:7
FNH:7
FNDA:1,(anonymous_0)
FNDA:2,(anonymous_1)
FNDA:2,(anonymous_2)
FNDA:2,(anonymous_3)
FNDA:2,(anonymous_4)
FNDA:2,(anonymous_5)
FNDA:2,(anonymous_6)
DA:7,1
DA:8,1
DA:10,1
DA:12,1
DA:13,2
DA:14,2
DA:18,2
DA:19,1
DA:21,1
DA:28,1
DA:29,2
DA:30,2
DA:31,1
DA:32,1
DA:36,1
DA:42,1
DA:43,2
DA:45,2
DA:46,2
DA:47,1
DA:48,1
DA:53,1
DA:54,1
DA:56,0
DA:61,1
LF:25
LH:24
BRDA:18,0,0,1
BRDA:18,0,1,1
BRDA:30,1,0,1
BRDA:30,1,1,1
BRDA:46,2,0,1
BRDA:46,2,1,1
BRDA:53,3,0,1
BRDA:53,3,1,0
BRF:8
BRH:7
end_of_record
TN:
SF:routes/categories/getAll.category.js
FN:10,(anonymous_0)
FN:12,(anonymous_1)
FN:13,(anonymous_2)
FN:25,(anonymous_3)
FN:28,(anonymous_4)
FNF:5
FNH:5
FNDA:1,(anonymous_0)
FNDA:2,(anonymous_1)
FNDA:2,(anonymous_2)
FNDA:3,(anonymous_3)
FNDA:3,(anonymous_4)
DA:7,1
DA:8,1
DA:10,1
DA:12,1
DA:13,2
DA:14,2
DA:15,1
DA:19,1
DA:25,1
DA:26,3
DA:28,3
DA:29,3
DA:30,1
DA:36,2
DA:37,1
DA:39,1
DA:45,1
LF:17
LH:17
BRDA:14,0,0,1
BRDA:14,0,1,1
BRDA:29,1,0,1
BRDA:29,1,1,2
BRDA:36,2,0,1
BRDA:36,2,1,1
BRF:6
BRH:6
end_of_record
TN:
SF:routes/subCategories/get.subCategory.js
FN:10,(anonymous_0)
FN:12,(anonymous_1)
FN:13,(anonymous_2)
FN:25,(anonymous_3)
FN:31,(anonymous_4)
FN:52,(anonymous_5)
FN:58,(anonymous_6)
FN:72,(anonymous_7)
FN:79,(anonymous_8)
FNF:9
FNH:5
FNDA:1,(anonymous_0)
FNDA:2,(anonymous_1)
FNDA:2,(anonymous_2)
FNDA:3,(anonymous_3)
FNDA:3,(anonymous_4)
FNDA:0,(anonymous_5)
FNDA:0,(anonymous_6)
FNDA:0,(anonymous_7)
FNDA:0,(anonymous_8)
DA:7,1
DA:8,1
DA:10,1
DA:12,1
DA:13,2
DA:14,2
DA:15,1
DA:19,1
DA:25,1
DA:26,3
DA:28,3
DA:32,3
DA:33,1
DA:39,2
DA:40,1
DA:42,1
DA:52,1
DA:53,0
DA:55,0
DA:59,0
DA:60,0
DA:66,0
DA:72,1
DA:73,0
DA:74,0
DA:76,0
DA:80,0
DA:81,0
DA:87,0
DA:88,0
DA:90,0
DA:100,1
LF:32
LH:19
BRDA:14,0,0,1
BRDA:14,0,1,1
BRDA:32,1,0,1
BRDA:32,1,1,2
BRDA:39,2,0,1
BRDA:39,2,1,1
BRDA:59,3,0,0
BRDA:59,3,1,0
BRDA:80,4,0,0
BRDA:80,4,1,0
BRDA:87,5,0,0
BRDA:87,5,1,0
BRF:12
BRH:6
end_of_record
