TN:
SF:config/db.js
FNF:0
FNH:0
DA:1,6
DA:2,6
DA:5,6
DA:13,6
LF:4
LH:4
BRF:0
BRH:0
end_of_record
TN:
SF:controllers/conversationController.js
FN:4,(anonymous_0)
FN:14,(anonymous_1)
FN:28,(anonymous_2)
FN:43,(anonymous_3)
FNF:4
FNH:4
FNDA:2,(anonymous_0)
FNDA:3,(anonymous_1)
FNDA:3,(anonymous_2)
FNDA:3,(anonymous_3)
DA:1,1
DA:2,1
DA:4,1
DA:5,2
DA:6,2
DA:7,1
DA:9,1
DA:10,1
DA:14,1
DA:15,3
DA:16,3
DA:17,3
DA:18,2
DA:19,1
DA:21,1
DA:23,1
DA:24,1
DA:28,1
DA:29,3
DA:30,3
DA:31,1
DA:34,2
DA:35,2
DA:36,1
DA:38,1
DA:39,1
DA:43,1
DA:44,3
DA:45,3
DA:46,3
DA:47,2
DA:48,1
DA:50,1
DA:52,1
DA:53,1
LF:35
LH:35
BRDA:18,0,0,1
BRDA:18,0,1,1
BRDA:30,1,0,1
BRDA:30,1,1,2
BRDA:47,2,0,1
BRDA:47,2,1,1
BRF:6
BRH:6
end_of_record
TN:
SF:controllers/messageController.js
FN:4,(anonymous_0)
FN:14,(anonymous_1)
FN:28,(anonymous_2)
FN:42,(anonymous_3)
FN:58,(anonymous_4)
FNF:5
FNH:5
FNDA:2,(anonymous_0)
FNDA:3,(anonymous_1)
FNDA:3,(anonymous_2)
FNDA:3,(anonymous_3)
FNDA:3,(anonymous_4)
DA:1,1
DA:2,1
DA:4,1
DA:5,2
DA:6,2
DA:7,1
DA:9,1
DA:10,1
DA:14,1
DA:15,3
DA:16,3
DA:17,1
DA:19,2
DA:20,2
DA:21,1
DA:23,1
DA:24,1
DA:28,1
DA:29,3
DA:30,3
DA:31,1
DA:33,2
DA:34,2
DA:35,1
DA:37,1
DA:38,1
DA:42,1
DA:43,3
DA:45,3
DA:46,1
DA:49,2
DA:50,2
DA:51,1
DA:53,1
DA:54,1
DA:58,1
DA:59,3
DA:61,3
DA:62,1
DA:65,2
DA:66,2
DA:67,1
DA:69,1
DA:70,1
LF:44
LH:44
BRDA:16,0,0,1
BRDA:16,0,1,2
BRDA:30,1,0,1
BRDA:30,1,1,2
BRDA:45,2,0,1
BRDA:45,2,1,2
BRDA:61,3,0,1
BRDA:61,3,1,2
BRF:8
BRH:8
end_of_record
TN:
SF:controllers/participantController.js
FN:4,(anonymous_0)
FN:14,(anonymous_1)
FN:28,(anonymous_2)
FN:42,(anonymous_3)
FN:58,(anonymous_4)
FNF:5
FNH:5
FNDA:2,(anonymous_0)
FNDA:3,(anonymous_1)
FNDA:3,(anonymous_2)
FNDA:3,(anonymous_3)
FNDA:3,(anonymous_4)
DA:1,1
DA:2,1
DA:4,1
DA:5,2
DA:6,2
DA:7,1
DA:9,1
DA:10,1
DA:14,1
DA:15,3
DA:16,3
DA:17,1
DA:19,2
DA:20,2
DA:21,1
DA:23,1
DA:24,1
DA:28,1
DA:29,3
DA:30,3
DA:31,1
DA:33,2
DA:34,2
DA:35,1
DA:37,1
DA:38,1
DA:42,1
DA:43,3
DA:45,3
DA:46,1
DA:49,2
DA:50,2
DA:51,1
DA:53,1
DA:54,1
DA:58,1
DA:59,3
DA:61,3
DA:62,1
DA:65,2
DA:66,2
DA:67,1
DA:69,1
DA:70,1
LF:44
LH:44
BRDA:16,0,0,1
BRDA:16,0,1,2
BRDA:30,1,0,1
BRDA:30,1,1,2
BRDA:45,2,0,1
BRDA:45,2,1,2
BRDA:61,3,0,1
BRDA:61,3,1,2
BRF:8
BRH:8
end_of_record
TN:
SF:models/conversationModel.js
FN:4,(anonymous_0)
FN:15,(anonymous_1)
FN:30,(anonymous_2)
FN:41,(anonymous_3)
FNF:4
FNH:4
FNDA:2,(anonymous_0)
FNDA:3,(anonymous_1)
FNDA:2,(anonymous_2)
FNDA:3,(anonymous_3)
DA:1,2
DA:5,2
DA:6,2
DA:9,1
DA:11,1
DA:16,3
DA:17,3
DA:21,2
DA:22,1
DA:24,1
DA:26,2
DA:31,2
DA:32,2
DA:35,1
DA:37,1
DA:42,3
DA:43,3
DA:47,2
DA:48,1
DA:50,1
DA:52,2
DA:57,2
LF:22
LH:22
BRDA:21,0,0,1
BRDA:21,0,1,1
BRDA:47,1,0,1
BRDA:47,1,1,1
BRF:4
BRH:4
end_of_record
TN:
SF:models/messageModel.js
FN:4,(anonymous_0)
FN:13,(anonymous_1)
FN:22,(anonymous_2)
FN:34,(anonymous_3)
FN:46,(anonymous_4)
FNF:5
FNH:5
FNDA:2,(anonymous_0)
FNDA:2,(anonymous_1)
FNDA:3,(anonymous_2)
FNDA:2,(anonymous_3)
FNDA:3,(anonymous_4)
DA:1,2
DA:5,2
DA:6,2
DA:7,1
DA:9,1
DA:14,2
DA:15,2
DA:16,1
DA:18,1
DA:23,3
DA:24,3
DA:25,2
DA:26,1
DA:28,1
DA:30,2
DA:35,2
DA:36,2
DA:40,1
DA:42,1
DA:47,3
DA:48,3
DA:49,2
DA:50,1
DA:52,1
DA:54,2
DA:59,2
LF:26
LH:26
BRDA:25,0,0,1
BRDA:25,0,1,1
BRDA:49,1,0,1
BRDA:49,1,1,1
BRF:4
BRH:4
end_of_record
TN:
SF:models/participantModel.js
FN:4,(anonymous_0)
FN:13,(anonymous_1)
FN:22,(anonymous_2)
FN:31,(anonymous_3)
FN:43,(anonymous_4)
FNF:5
FNH:5
FNDA:2,(anonymous_0)
FNDA:2,(anonymous_1)
FNDA:2,(anonymous_2)
FNDA:2,(anonymous_3)
FNDA:3,(anonymous_4)
DA:1,2
DA:5,2
DA:6,2
DA:7,1
DA:9,1
DA:14,2
DA:15,2
DA:16,1
DA:18,1
DA:23,2
DA:24,2
DA:25,1
DA:27,1
DA:32,2
DA:33,2
DA:37,1
DA:39,1
DA:44,3
DA:45,3
DA:46,2
DA:47,1
DA:49,1
DA:51,2
DA:56,2
LF:24
LH:24
BRDA:46,0,0,1
BRDA:46,0,1,1
BRF:2
BRH:2
end_of_record
TN:
SF:schemas/conversationSchema.js
FNF:0
FNH:0
DA:1,1
DA:3,1
DA:7,1
LF:3
LH:3
BRF:0
BRH:0
end_of_record
TN:
SF:schemas/messageSchema.js
FNF:0
FNH:0
DA:2,1
DA:4,1
DA:11,1
LF:3
LH:3
BRF:0
BRH:0
end_of_record
TN:
SF:schemas/participantSchema.js
FNF:0
FNH:0
DA:1,1
DA:3,1
DA:8,1
LF:3
LH:3
BRF:0
BRH:0
end_of_record
TN:
SF:utils/testUtils.js
FN:1,(anonymous_0)
FN:9,(anonymous_1)
FNF:2
FNH:2
FNDA:64,(anonymous_0)
FNDA:64,(anonymous_1)
DA:1,3
DA:2,64
DA:3,64
DA:4,64
DA:5,64
DA:6,64
DA:9,3
DA:10,64
DA:11,64
DA:12,64
DA:13,64
DA:14,64
DA:17,3
LF:13
LH:13
BRF:0
BRH:0
end_of_record
